<?xml version="1.0" encoding="UTF-8"?>
<testsuite xmlns:xsi="http://www.w3.org/2001/XMLSchema-instance" xsi:noNamespaceSchemaLocation="https://maven.apache.org/surefire/maven-surefire-plugin/xsd/surefire-test-report.xsd" name="com.ysl.excel.ExcelApplicationTests" time="3.454" tests="1" errors="0" skipped="0" failures="0">
  <properties>
    <property name="sun.desktop" value="windows"/>
    <property name="awt.toolkit" value="sun.awt.windows.WToolkit"/>
    <property name="file.encoding.pkg" value="sun.io"/>
    <property name="java.specification.version" value="1.8"/>
    <property name="sun.cpu.isalist" value="amd64"/>
    <property name="sun.jnu.encoding" value="GBK"/>
    <property name="java.class.path" value="E:\JAVA框架\Myselflean\Excel\target\test-classes;E:\JAVA框架\Myselflean\Excel\target\classes;E:\maven\io\springfox\springfox-swagger2\2.7.0\springfox-swagger2-2.7.0.jar;E:\maven\io\swagger\swagger-annotations\1.5.13\swagger-annotations-1.5.13.jar;E:\maven\io\swagger\swagger-models\1.5.13\swagger-models-1.5.13.jar;E:\maven\com\fasterxml\jackson\core\jackson-annotations\2.12.6\jackson-annotations-2.12.6.jar;E:\maven\io\springfox\springfox-spi\2.7.0\springfox-spi-2.7.0.jar;E:\maven\io\springfox\springfox-core\2.7.0\springfox-core-2.7.0.jar;E:\maven\io\springfox\springfox-schema\2.7.0\springfox-schema-2.7.0.jar;E:\maven\io\springfox\springfox-swagger-common\2.7.0\springfox-swagger-common-2.7.0.jar;E:\maven\io\springfox\springfox-spring-web\2.7.0\springfox-spring-web-2.7.0.jar;E:\maven\org\reflections\reflections\0.9.11\reflections-0.9.11.jar;E:\maven\org\javassist\javassist\3.21.0-GA\javassist-3.21.0-GA.jar;E:\maven\com\google\guava\guava\18.0\guava-18.0.jar;E:\maven\com\fasterxml\classmate\1.5.1\classmate-1.5.1.jar;E:\maven\org\slf4j\slf4j-api\1.7.33\slf4j-api-1.7.33.jar;E:\maven\org\springframework\plugin\spring-plugin-core\1.2.0.RELEASE\spring-plugin-core-1.2.0.RELEASE.jar;E:\maven\org\springframework\spring-beans\5.3.15\spring-beans-5.3.15.jar;E:\maven\org\springframework\spring-context\5.3.15\spring-context-5.3.15.jar;E:\maven\org\springframework\spring-aop\5.3.15\spring-aop-5.3.15.jar;E:\maven\org\springframework\plugin\spring-plugin-metadata\1.2.0.RELEASE\spring-plugin-metadata-1.2.0.RELEASE.jar;E:\maven\org\mapstruct\mapstruct\1.1.0.Final\mapstruct-1.1.0.Final.jar;E:\maven\io\springfox\springfox-swagger-ui\2.7.0\springfox-swagger-ui-2.7.0.jar;E:\maven\org\apache\httpcomponents\httpmime\4.5.13\httpmime-4.5.13.jar;E:\maven\org\apache\httpcomponents\httpclient\4.5.13\httpclient-4.5.13.jar;E:\maven\org\apache\httpcomponents\httpcore\4.4.15\httpcore-4.4.15.jar;E:\maven\commons-codec\commons-codec\1.15\commons-codec-1.15.jar;E:\maven\com\alibaba\fastjson\1.2.78\fastjson-1.2.78.jar;E:\maven\org\apache\poi\poi-ooxml\5.2.3\poi-ooxml-5.2.3.jar;E:\maven\org\apache\poi\poi\5.2.3\poi-5.2.3.jar;E:\maven\org\apache\commons\commons-math3\3.6.1\commons-math3-3.6.1.jar;E:\maven\com\zaxxer\SparseBitSet\1.2\SparseBitSet-1.2.jar;E:\maven\org\apache\poi\poi-ooxml-lite\5.2.3\poi-ooxml-lite-5.2.3.jar;E:\maven\org\apache\xmlbeans\xmlbeans\5.1.1\xmlbeans-5.1.1.jar;E:\maven\xml-apis\xml-apis\1.4.01\xml-apis-1.4.01.jar;E:\maven\org\apache\commons\commons-compress\1.21\commons-compress-1.21.jar;E:\maven\commons-io\commons-io\2.11.0\commons-io-2.11.0.jar;E:\maven\com\github\virtuald\curvesapi\1.07\curvesapi-1.07.jar;E:\maven\org\apache\logging\log4j\log4j-api\2.17.1\log4j-api-2.17.1.jar;E:\maven\org\apache\commons\commons-collections4\4.4\commons-collections4-4.4.jar;E:\maven\org\projectlombok\lombok\1.18.22\lombok-1.18.22.jar;E:\maven\org\springframework\boot\spring-boot-starter-web\2.5.9\spring-boot-starter-web-2.5.9.jar;E:\maven\org\springframework\boot\spring-boot-starter\2.5.9\spring-boot-starter-2.5.9.jar;E:\maven\org\springframework\boot\spring-boot\2.5.9\spring-boot-2.5.9.jar;E:\maven\org\springframework\boot\spring-boot-autoconfigure\2.5.9\spring-boot-autoconfigure-2.5.9.jar;E:\maven\org\springframework\boot\spring-boot-starter-logging\2.5.9\spring-boot-starter-logging-2.5.9.jar;E:\maven\ch\qos\logback\logback-classic\1.2.10\logback-classic-1.2.10.jar;E:\maven\ch\qos\logback\logback-core\1.2.10\logback-core-1.2.10.jar;E:\maven\org\apache\logging\log4j\log4j-to-slf4j\2.17.1\log4j-to-slf4j-2.17.1.jar;E:\maven\org\slf4j\jul-to-slf4j\1.7.33\jul-to-slf4j-1.7.33.jar;E:\maven\jakarta\annotation\jakarta.annotation-api\1.3.5\jakarta.annotation-api-1.3.5.jar;E:\maven\org\yaml\snakeyaml\1.28\snakeyaml-1.28.jar;E:\maven\org\springframework\boot\spring-boot-starter-json\2.5.9\spring-boot-starter-json-2.5.9.jar;E:\maven\com\fasterxml\jackson\core\jackson-databind\2.12.6\jackson-databind-2.12.6.jar;E:\maven\com\fasterxml\jackson\core\jackson-core\2.12.6\jackson-core-2.12.6.jar;E:\maven\com\fasterxml\jackson\datatype\jackson-datatype-jdk8\2.12.6\jackson-datatype-jdk8-2.12.6.jar;E:\maven\com\fasterxml\jackson\datatype\jackson-datatype-jsr310\2.12.6\jackson-datatype-jsr310-2.12.6.jar;E:\maven\com\fasterxml\jackson\module\jackson-module-parameter-names\2.12.6\jackson-module-parameter-names-2.12.6.jar;E:\maven\org\springframework\boot\spring-boot-starter-tomcat\2.5.9\spring-boot-starter-tomcat-2.5.9.jar;E:\maven\org\apache\tomcat\embed\tomcat-embed-core\9.0.56\tomcat-embed-core-9.0.56.jar;E:\maven\org\apache\tomcat\embed\tomcat-embed-el\9.0.56\tomcat-embed-el-9.0.56.jar;E:\maven\org\apache\tomcat\embed\tomcat-embed-websocket\9.0.56\tomcat-embed-websocket-9.0.56.jar;E:\maven\org\springframework\spring-web\5.3.15\spring-web-5.3.15.jar;E:\maven\org\springframework\spring-webmvc\5.3.15\spring-webmvc-5.3.15.jar;E:\maven\org\springframework\spring-expression\5.3.15\spring-expression-5.3.15.jar;E:\maven\org\mybatis\spring\boot\mybatis-spring-boot-starter\2.3.0\mybatis-spring-boot-starter-2.3.0.jar;E:\maven\org\springframework\boot\spring-boot-starter-jdbc\2.5.9\spring-boot-starter-jdbc-2.5.9.jar;E:\maven\com\zaxxer\HikariCP\4.0.3\HikariCP-4.0.3.jar;E:\maven\org\springframework\spring-jdbc\5.3.15\spring-jdbc-5.3.15.jar;E:\maven\org\mybatis\spring\boot\mybatis-spring-boot-autoconfigure\2.3.0\mybatis-spring-boot-autoconfigure-2.3.0.jar;E:\maven\org\mybatis\mybatis\3.5.11\mybatis-3.5.11.jar;E:\maven\org\mybatis\mybatis-spring\2.1.0\mybatis-spring-2.1.0.jar;E:\maven\mysql\mysql-connector-java\8.0.28\mysql-connector-java-8.0.28.jar;E:\maven\org\springframework\boot\spring-boot-starter-test\2.5.9\spring-boot-starter-test-2.5.9.jar;E:\maven\org\springframework\boot\spring-boot-test\2.5.9\spring-boot-test-2.5.9.jar;E:\maven\org\springframework\boot\spring-boot-test-autoconfigure\2.5.9\spring-boot-test-autoconfigure-2.5.9.jar;E:\maven\com\jayway\jsonpath\json-path\2.5.0\json-path-2.5.0.jar;E:\maven\net\minidev\json-smart\2.4.7\json-smart-2.4.7.jar;E:\maven\net\minidev\accessors-smart\2.4.7\accessors-smart-2.4.7.jar;E:\maven\org\ow2\asm\asm\9.1\asm-9.1.jar;E:\maven\jakarta\xml\bind\jakarta.xml.bind-api\2.3.3\jakarta.xml.bind-api-2.3.3.jar;E:\maven\jakarta\activation\jakarta.activation-api\1.2.2\jakarta.activation-api-1.2.2.jar;E:\maven\org\assertj\assertj-core\3.19.0\assertj-core-3.19.0.jar;E:\maven\org\hamcrest\hamcrest\2.2\hamcrest-2.2.jar;E:\maven\org\junit\jupiter\junit-jupiter\5.7.2\junit-jupiter-5.7.2.jar;E:\maven\org\junit\jupiter\junit-jupiter-api\5.7.2\junit-jupiter-api-5.7.2.jar;E:\maven\org\apiguardian\apiguardian-api\1.1.0\apiguardian-api-1.1.0.jar;E:\maven\org\opentest4j\opentest4j\1.2.0\opentest4j-1.2.0.jar;E:\maven\org\junit\platform\junit-platform-commons\1.7.2\junit-platform-commons-1.7.2.jar;E:\maven\org\junit\jupiter\junit-jupiter-params\5.7.2\junit-jupiter-params-5.7.2.jar;E:\maven\org\junit\jupiter\junit-jupiter-engine\5.7.2\junit-jupiter-engine-5.7.2.jar;E:\maven\org\junit\platform\junit-platform-engine\1.7.2\junit-platform-engine-1.7.2.jar;E:\maven\org\mockito\mockito-core\3.9.0\mockito-core-3.9.0.jar;E:\maven\net\bytebuddy\byte-buddy\1.10.22\byte-buddy-1.10.22.jar;E:\maven\net\bytebuddy\byte-buddy-agent\1.10.22\byte-buddy-agent-1.10.22.jar;E:\maven\org\objenesis\objenesis\3.2\objenesis-3.2.jar;E:\maven\org\mockito\mockito-junit-jupiter\3.9.0\mockito-junit-jupiter-3.9.0.jar;E:\maven\org\skyscreamer\jsonassert\1.5.0\jsonassert-1.5.0.jar;E:\maven\com\vaadin\external\google\android-json\0.0.20131108.vaadin1\android-json-0.0.20131108.vaadin1.jar;E:\maven\org\springframework\spring-core\5.3.15\spring-core-5.3.15.jar;E:\maven\org\springframework\spring-jcl\5.3.15\spring-jcl-5.3.15.jar;E:\maven\org\springframework\spring-test\5.3.15\spring-test-5.3.15.jar;E:\maven\org\xmlunit\xmlunit-core\2.8.4\xmlunit-core-2.8.4.jar;E:\maven\org\mybatis\spring\boot\mybatis-spring-boot-starter-test\2.3.0\mybatis-spring-boot-starter-test-2.3.0.jar;E:\maven\org\mybatis\spring\boot\mybatis-spring-boot-test-autoconfigure\2.3.0\mybatis-spring-boot-test-autoconfigure-2.3.0.jar;E:\maven\org\springframework\spring-tx\5.3.15\spring-tx-5.3.15.jar;"/>
    <property name="java.vm.vendor" value="Oracle Corporation"/>
    <property name="sun.arch.data.model" value="64"/>
    <property name="user.variant" value=""/>
    <property name="java.vendor.url" value="http://java.oracle.com/"/>
    <property name="user.timezone" value="Asia/Shanghai"/>
    <property name="java.vm.specification.version" value="1.8"/>
    <property name="os.name" value="Windows 11"/>
    <property name="user.country" value="CN"/>
    <property name="sun.java.launcher" value="SUN_STANDARD"/>
    <property name="sun.boot.library.path" value="C:\Program Files\Java\jdk-1.8\jre\bin"/>
    <property name="sun.java.command" value="D:\Temp\surefire6821875105604953277\surefirebooter2411769468452395889.jar D:\Temp\surefire6821875105604953277 2024-05-07T13-38-59_936-jvmRun1 surefire1584477142510053775tmp surefire_06121947323276371773tmp"/>
    <property name="surefire.test.class.path" value="E:\JAVA框架\Myselflean\Excel\target\test-classes;E:\JAVA框架\Myselflean\Excel\target\classes;E:\maven\io\springfox\springfox-swagger2\2.7.0\springfox-swagger2-2.7.0.jar;E:\maven\io\swagger\swagger-annotations\1.5.13\swagger-annotations-1.5.13.jar;E:\maven\io\swagger\swagger-models\1.5.13\swagger-models-1.5.13.jar;E:\maven\com\fasterxml\jackson\core\jackson-annotations\2.12.6\jackson-annotations-2.12.6.jar;E:\maven\io\springfox\springfox-spi\2.7.0\springfox-spi-2.7.0.jar;E:\maven\io\springfox\springfox-core\2.7.0\springfox-core-2.7.0.jar;E:\maven\io\springfox\springfox-schema\2.7.0\springfox-schema-2.7.0.jar;E:\maven\io\springfox\springfox-swagger-common\2.7.0\springfox-swagger-common-2.7.0.jar;E:\maven\io\springfox\springfox-spring-web\2.7.0\springfox-spring-web-2.7.0.jar;E:\maven\org\reflections\reflections\0.9.11\reflections-0.9.11.jar;E:\maven\org\javassist\javassist\3.21.0-GA\javassist-3.21.0-GA.jar;E:\maven\com\google\guava\guava\18.0\guava-18.0.jar;E:\maven\com\fasterxml\classmate\1.5.1\classmate-1.5.1.jar;E:\maven\org\slf4j\slf4j-api\1.7.33\slf4j-api-1.7.33.jar;E:\maven\org\springframework\plugin\spring-plugin-core\1.2.0.RELEASE\spring-plugin-core-1.2.0.RELEASE.jar;E:\maven\org\springframework\spring-beans\5.3.15\spring-beans-5.3.15.jar;E:\maven\org\springframework\spring-context\5.3.15\spring-context-5.3.15.jar;E:\maven\org\springframework\spring-aop\5.3.15\spring-aop-5.3.15.jar;E:\maven\org\springframework\plugin\spring-plugin-metadata\1.2.0.RELEASE\spring-plugin-metadata-1.2.0.RELEASE.jar;E:\maven\org\mapstruct\mapstruct\1.1.0.Final\mapstruct-1.1.0.Final.jar;E:\maven\io\springfox\springfox-swagger-ui\2.7.0\springfox-swagger-ui-2.7.0.jar;E:\maven\org\apache\httpcomponents\httpmime\4.5.13\httpmime-4.5.13.jar;E:\maven\org\apache\httpcomponents\httpclient\4.5.13\httpclient-4.5.13.jar;E:\maven\org\apache\httpcomponents\httpcore\4.4.15\httpcore-4.4.15.jar;E:\maven\commons-codec\commons-codec\1.15\commons-codec-1.15.jar;E:\maven\com\alibaba\fastjson\1.2.78\fastjson-1.2.78.jar;E:\maven\org\apache\poi\poi-ooxml\5.2.3\poi-ooxml-5.2.3.jar;E:\maven\org\apache\poi\poi\5.2.3\poi-5.2.3.jar;E:\maven\org\apache\commons\commons-math3\3.6.1\commons-math3-3.6.1.jar;E:\maven\com\zaxxer\SparseBitSet\1.2\SparseBitSet-1.2.jar;E:\maven\org\apache\poi\poi-ooxml-lite\5.2.3\poi-ooxml-lite-5.2.3.jar;E:\maven\org\apache\xmlbeans\xmlbeans\5.1.1\xmlbeans-5.1.1.jar;E:\maven\xml-apis\xml-apis\1.4.01\xml-apis-1.4.01.jar;E:\maven\org\apache\commons\commons-compress\1.21\commons-compress-1.21.jar;E:\maven\commons-io\commons-io\2.11.0\commons-io-2.11.0.jar;E:\maven\com\github\virtuald\curvesapi\1.07\curvesapi-1.07.jar;E:\maven\org\apache\logging\log4j\log4j-api\2.17.1\log4j-api-2.17.1.jar;E:\maven\org\apache\commons\commons-collections4\4.4\commons-collections4-4.4.jar;E:\maven\org\projectlombok\lombok\1.18.22\lombok-1.18.22.jar;E:\maven\org\springframework\boot\spring-boot-starter-web\2.5.9\spring-boot-starter-web-2.5.9.jar;E:\maven\org\springframework\boot\spring-boot-starter\2.5.9\spring-boot-starter-2.5.9.jar;E:\maven\org\springframework\boot\spring-boot\2.5.9\spring-boot-2.5.9.jar;E:\maven\org\springframework\boot\spring-boot-autoconfigure\2.5.9\spring-boot-autoconfigure-2.5.9.jar;E:\maven\org\springframework\boot\spring-boot-starter-logging\2.5.9\spring-boot-starter-logging-2.5.9.jar;E:\maven\ch\qos\logback\logback-classic\1.2.10\logback-classic-1.2.10.jar;E:\maven\ch\qos\logback\logback-core\1.2.10\logback-core-1.2.10.jar;E:\maven\org\apache\logging\log4j\log4j-to-slf4j\2.17.1\log4j-to-slf4j-2.17.1.jar;E:\maven\org\slf4j\jul-to-slf4j\1.7.33\jul-to-slf4j-1.7.33.jar;E:\maven\jakarta\annotation\jakarta.annotation-api\1.3.5\jakarta.annotation-api-1.3.5.jar;E:\maven\org\yaml\snakeyaml\1.28\snakeyaml-1.28.jar;E:\maven\org\springframework\boot\spring-boot-starter-json\2.5.9\spring-boot-starter-json-2.5.9.jar;E:\maven\com\fasterxml\jackson\core\jackson-databind\2.12.6\jackson-databind-2.12.6.jar;E:\maven\com\fasterxml\jackson\core\jackson-core\2.12.6\jackson-core-2.12.6.jar;E:\maven\com\fasterxml\jackson\datatype\jackson-datatype-jdk8\2.12.6\jackson-datatype-jdk8-2.12.6.jar;E:\maven\com\fasterxml\jackson\datatype\jackson-datatype-jsr310\2.12.6\jackson-datatype-jsr310-2.12.6.jar;E:\maven\com\fasterxml\jackson\module\jackson-module-parameter-names\2.12.6\jackson-module-parameter-names-2.12.6.jar;E:\maven\org\springframework\boot\spring-boot-starter-tomcat\2.5.9\spring-boot-starter-tomcat-2.5.9.jar;E:\maven\org\apache\tomcat\embed\tomcat-embed-core\9.0.56\tomcat-embed-core-9.0.56.jar;E:\maven\org\apache\tomcat\embed\tomcat-embed-el\9.0.56\tomcat-embed-el-9.0.56.jar;E:\maven\org\apache\tomcat\embed\tomcat-embed-websocket\9.0.56\tomcat-embed-websocket-9.0.56.jar;E:\maven\org\springframework\spring-web\5.3.15\spring-web-5.3.15.jar;E:\maven\org\springframework\spring-webmvc\5.3.15\spring-webmvc-5.3.15.jar;E:\maven\org\springframework\spring-expression\5.3.15\spring-expression-5.3.15.jar;E:\maven\org\mybatis\spring\boot\mybatis-spring-boot-starter\2.3.0\mybatis-spring-boot-starter-2.3.0.jar;E:\maven\org\springframework\boot\spring-boot-starter-jdbc\2.5.9\spring-boot-starter-jdbc-2.5.9.jar;E:\maven\com\zaxxer\HikariCP\4.0.3\HikariCP-4.0.3.jar;E:\maven\org\springframework\spring-jdbc\5.3.15\spring-jdbc-5.3.15.jar;E:\maven\org\mybatis\spring\boot\mybatis-spring-boot-autoconfigure\2.3.0\mybatis-spring-boot-autoconfigure-2.3.0.jar;E:\maven\org\mybatis\mybatis\3.5.11\mybatis-3.5.11.jar;E:\maven\org\mybatis\mybatis-spring\2.1.0\mybatis-spring-2.1.0.jar;E:\maven\mysql\mysql-connector-java\8.0.28\mysql-connector-java-8.0.28.jar;E:\maven\org\springframework\boot\spring-boot-starter-test\2.5.9\spring-boot-starter-test-2.5.9.jar;E:\maven\org\springframework\boot\spring-boot-test\2.5.9\spring-boot-test-2.5.9.jar;E:\maven\org\springframework\boot\spring-boot-test-autoconfigure\2.5.9\spring-boot-test-autoconfigure-2.5.9.jar;E:\maven\com\jayway\jsonpath\json-path\2.5.0\json-path-2.5.0.jar;E:\maven\net\minidev\json-smart\2.4.7\json-smart-2.4.7.jar;E:\maven\net\minidev\accessors-smart\2.4.7\accessors-smart-2.4.7.jar;E:\maven\org\ow2\asm\asm\9.1\asm-9.1.jar;E:\maven\jakarta\xml\bind\jakarta.xml.bind-api\2.3.3\jakarta.xml.bind-api-2.3.3.jar;E:\maven\jakarta\activation\jakarta.activation-api\1.2.2\jakarta.activation-api-1.2.2.jar;E:\maven\org\assertj\assertj-core\3.19.0\assertj-core-3.19.0.jar;E:\maven\org\hamcrest\hamcrest\2.2\hamcrest-2.2.jar;E:\maven\org\junit\jupiter\junit-jupiter\5.7.2\junit-jupiter-5.7.2.jar;E:\maven\org\junit\jupiter\junit-jupiter-api\5.7.2\junit-jupiter-api-5.7.2.jar;E:\maven\org\apiguardian\apiguardian-api\1.1.0\apiguardian-api-1.1.0.jar;E:\maven\org\opentest4j\opentest4j\1.2.0\opentest4j-1.2.0.jar;E:\maven\org\junit\platform\junit-platform-commons\1.7.2\junit-platform-commons-1.7.2.jar;E:\maven\org\junit\jupiter\junit-jupiter-params\5.7.2\junit-jupiter-params-5.7.2.jar;E:\maven\org\junit\jupiter\junit-jupiter-engine\5.7.2\junit-jupiter-engine-5.7.2.jar;E:\maven\org\junit\platform\junit-platform-engine\1.7.2\junit-platform-engine-1.7.2.jar;E:\maven\org\mockito\mockito-core\3.9.0\mockito-core-3.9.0.jar;E:\maven\net\bytebuddy\byte-buddy\1.10.22\byte-buddy-1.10.22.jar;E:\maven\net\bytebuddy\byte-buddy-agent\1.10.22\byte-buddy-agent-1.10.22.jar;E:\maven\org\objenesis\objenesis\3.2\objenesis-3.2.jar;E:\maven\org\mockito\mockito-junit-jupiter\3.9.0\mockito-junit-jupiter-3.9.0.jar;E:\maven\org\skyscreamer\jsonassert\1.5.0\jsonassert-1.5.0.jar;E:\maven\com\vaadin\external\google\android-json\0.0.20131108.vaadin1\android-json-0.0.20131108.vaadin1.jar;E:\maven\org\springframework\spring-core\5.3.15\spring-core-5.3.15.jar;E:\maven\org\springframework\spring-jcl\5.3.15\spring-jcl-5.3.15.jar;E:\maven\org\springframework\spring-test\5.3.15\spring-test-5.3.15.jar;E:\maven\org\xmlunit\xmlunit-core\2.8.4\xmlunit-core-2.8.4.jar;E:\maven\org\mybatis\spring\boot\mybatis-spring-boot-starter-test\2.3.0\mybatis-spring-boot-starter-test-2.3.0.jar;E:\maven\org\mybatis\spring\boot\mybatis-spring-boot-test-autoconfigure\2.3.0\mybatis-spring-boot-test-autoconfigure-2.3.0.jar;E:\maven\org\springframework\spring-tx\5.3.15\spring-tx-5.3.15.jar;"/>
    <property name="sun.cpu.endian" value="little"/>
    <property name="user.home" value="C:\Users\DELL"/>
    <property name="user.language" value="zh"/>
    <property name="java.specification.vendor" value="Oracle Corporation"/>
    <property name="java.home" value="C:\Program Files\Java\jdk-1.8\jre"/>
    <property name="basedir" value="E:\JAVA框架\Myselflean\Excel"/>
    <property name="file.separator" value="\"/>
    <property name="line.separator" value="&#10;"/>
    <property name="java.vm.specification.vendor" value="Oracle Corporation"/>
    <property name="java.specification.name" value="Java Platform API Specification"/>
    <property name="java.awt.graphicsenv" value="sun.awt.Win32GraphicsEnvironment"/>
    <property name="surefire.real.class.path" value="D:\Temp\surefire6821875105604953277\surefirebooter2411769468452395889.jar"/>
    <property name="sun.boot.class.path" value="C:\Program Files\Java\jdk-1.8\jre\lib\resources.jar;C:\Program Files\Java\jdk-1.8\jre\lib\rt.jar;C:\Program Files\Java\jdk-1.8\jre\lib\jsse.jar;C:\Program Files\Java\jdk-1.8\jre\lib\jce.jar;C:\Program Files\Java\jdk-1.8\jre\lib\charsets.jar;C:\Program Files\Java\jdk-1.8\jre\lib\jfr.jar;C:\Program Files\Java\jdk-1.8\jre\classes"/>
    <property name="user.script" value=""/>
    <property name="sun.management.compiler" value="HotSpot 64-Bit Tiered Compilers"/>
    <property name="java.runtime.version" value="1.8.0_401-b10"/>
    <property name="user.name" value="DELL"/>
    <property name="path.separator" value=";"/>
    <property name="os.version" value="10.0"/>
    <property name="java.endorsed.dirs" value="C:\Program Files\Java\jdk-1.8\jre\lib\endorsed"/>
    <property name="java.runtime.name" value="Java(TM) SE Runtime Environment"/>
    <property name="file.encoding" value="GBK"/>
    <property name="java.vm.name" value="Java HotSpot(TM) 64-Bit Server VM"/>
    <property name="localRepository" value="E:\maven"/>
    <property name="java.vendor.url.bug" value="http://bugreport.sun.com/bugreport/"/>
    <property name="java.io.tmpdir" value="D:\Temp\"/>
    <property name="idea.version" value="2022.2.3"/>
    <property name="java.version" value="1.8.0_401"/>
    <property name="user.dir" value="E:\JAVA框架\Myselflean\Excel"/>
    <property name="os.arch" value="amd64"/>
    <property name="java.vm.specification.name" value="Java Virtual Machine Specification"/>
    <property name="java.awt.printerjob" value="sun.awt.windows.WPrinterJob"/>
    <property name="sun.os.patch.level" value=""/>
    <property name="java.library.path" value="C:\Program Files\Java\jdk-1.8\jre\bin;C:\WINDOWS\Sun\Java\bin;C:\WINDOWS\system32;C:\WINDOWS;C:\Program Files (x86)\Common Files\Oracle\Java\java8path;C:\Program Files (x86)\Common Files\Oracle\Java\javapath;E:\2345Downloads\VMware\bin\;C:\Program Files\Java\jdk-1.8\bin;C:\Program Files\Java\jdk-1.8\jre\bin;E:\mavenpz\apache-maven-3.8.4-bin\apache-maven-3.8.4\bin;D:\GeePlayerDownload\mysql-5.7.29-winx64\mysql-5.7.29-winx64\bin;C:\windows\system32;C:\WINDOWS\system32;C:\WINDOWS;C:\WINDOWS\System32\OpenSSH;C:\WINDOWS\System32\Wbem;C:\WINDOWS\System32\WindowsPowerShell\v1.0;C:\Program Files (x86)\scala\bin;C:\Program Files\dotnet\;E:\2345Downloads\Xshell\;E:\2345Downloads\Python;E:\2345Downloads\nvm;E:\2345Downloads\nvm\nodejs;D:\server\Anaconda;D:\server\Anaconda\Scripts;D:\server\Anaconda\Library\bin;E:\2345Downloads\微信web开发者工具\dll;E:\GO\;o1.9.2.windows-amd64\go\bin;C:\WINDOWS\System32\WindowsPowerShell\v1.0\;C:\WINDOWS\System32\OpenSSH\;E:\2345Downloads\Xftp\;E:\2345Downloads\Git\Git\cmd;E:\IntelliJ IDEA 2022.2.2\bin;node_global;E:\Microsoft VS Code\bin;E:\IntelliJ IDEA 2022.2.2\bin;;E:\2345Downloads\WebStorm 2022.2.3\bin;;E:\2345Downloads\nvm;E:\2345Downloads\nvm\nodejs;C:\Users\DELL\go\bin;C:\Users\DELL\AppData\Local\Microsoft\WindowsApps;;."/>
    <property name="java.vm.info" value="mixed mode"/>
    <property name="java.vendor" value="Oracle Corporation"/>
    <property name="java.vm.version" value="25.401-b10"/>
    <property name="java.specification.maintenance.version" value="5"/>
    <property name="java.ext.dirs" value="C:\Program Files\Java\jdk-1.8\jre\lib\ext;C:\WINDOWS\Sun\Java\lib\ext"/>
    <property name="sun.io.unicode.encoding" value="UnicodeLittle"/>
    <property name="maven.repo.local" value="E:\maven"/>
    <property name="java.class.version" value="52.0"/>
  </properties>
  <testcase name="contextLoads" classname="com.ysl.excel.ExcelApplicationTests" time="0.21"/>
</testsuite>